<?xml version="1.0" encoding="UTF-8"?>
<!-- Generated by org.testng.reporters.JUnitReportReporter -->
<testsuite hostname="LTIN205424" failures="0" tests="14" name="test.ResultPageTest" time="72.047" errors="0" timestamp="2024-05-06T14:29:55 IST" skipped="0">
  <testcase classname="test.ResultPageTest" name="genderFilter" time="5.629"/>
  <testcase classname="test.ResultPageTest" name="genderFilter" time="5.432"/>
  <testcase classname="test.ResultPageTest" name="patientStoriesFilter" time="4.435"/>
  <testcase classname="test.ResultPageTest" name="patientStoriesFilter" time="4.291"/>
  <testcase classname="test.ResultPageTest" name="experienceFilter" time="2.883"/>
  <testcase classname="test.ResultPageTest" name="experienceFilter" time="4.471"/>
  <testcase classname="test.ResultPageTest" name="allFilters" time="6.457"/>
  <testcase classname="test.ResultPageTest" name="allFilters" time="3.936"/>
  <testcase classname="test.ResultPageTest" name="shortByFilter" time="5.606"/>
  <testcase classname="test.ResultPageTest" name="shortByFilter" time="2.492"/>
  <testcase classname="test.ResultPageTest" name="doctorDetails" time="3.835"/>
  <testcase classname="test.ResultPageTest" name="doctorDetails" time="0.647"/>
  <testcase classname="test.ResultPageTest" name="navigatingToCorporate" time="13.459"/>
  <testcase classname="test.ResultPageTest" name="navigatingToCorporate" time="8.474"/>
</testsuite> <!-- test.ResultPageTest -->
