<?xml version="1.0" encoding="UTF-8"?>
<!-- Generated by org.testng.reporters.JUnitReportReporter -->
<testsuite hostname="LTIN520658" failures="0" tests="15" name="Build1.Practo1" time="24.928" errors="0" timestamp="2024-05-04T09:39:50 IST" skipped="0">
  <testcase classname="Build1.Practo1" name="setUp" time="5.184"/>
  <testcase classname="Build1.Practo1" name="searchDoctor" time="1.051"/>
  <testcase classname="Build1.Practo1" name="popularPlace" time="0.428"/>
  <testcase classname="Build1.Practo1" name="speciality" time="1.452"/>
  <testcase classname="Build1.Practo1" name="genderFilter" time="2.471"/>
  <testcase classname="Build1.Practo1" name="patientStoriesFilter" time="2.173"/>
  <testcase classname="Build1.Practo1" name="experienceFilter" time="1.902"/>
  <testcase classname="Build1.Practo1" name="allFilters" time="2.512"/>
  <testcase classname="Build1.Practo1" name="shortByFilter" time="2.298"/>
  <testcase classname="Build1.Practo1" name="noOfDoctor" time="0.029"/>
  <testcase classname="Build1.Practo1" name="doctorDetails" time="0.131"/>
  <testcase classname="Build1.Practo1" name="formValidation" time="1.944"/>
  <testcase classname="Build1.Practo1" name="mytest" time="0.980"/>
  <testcase classname="Build1.Practo1" name="mytest" time="1.047"/>
  <testcase classname="Build1.Practo1" name="mytest" time="1.326"/>
</testsuite> <!-- Build1.Practo1 -->
