<?xml version="1.0" encoding="UTF-8"?>
<!-- Generated by org.testng.reporters.JUnitReportReporter -->
<testsuite hostname="LTIN520658" failures="0" tests="3" name="test.filtertest" time="7.865" errors="0" timestamp="2024-05-03T01:26:23 IST" skipped="0">
  <testcase classname="test.filtertest" name="test1" time="5.457"/>
  <testcase classname="test.filtertest" name="test2" time="2.201"/>
  <testcase classname="test.filtertest" name="test3" time="0.207"/>
</testsuite> <!-- test.filtertest -->
