<?xml version="1.0" encoding="UTF-8"?>
<!-- Generated by org.testng.reporters.JUnitReportReporter -->
<testsuite hostname="LTIN205424" failures="0" tests="4" name="test.FindAndBookTest" time="22.277" errors="0" timestamp="2024-05-06T14:29:55 IST" skipped="0">
  <testcase classname="test.FindAndBookTest" name="popularPlace" time="3.284"/>
  <testcase classname="test.FindAndBookTest" name="popularPlace" time="6.831"/>
  <testcase classname="test.FindAndBookTest" name="speciality" time="6.334"/>
  <testcase classname="test.FindAndBookTest" name="speciality" time="5.828"/>
</testsuite> <!-- test.FindAndBookTest -->
