<?xml version="1.0" encoding="UTF-8"?>
<!-- Generated by org.testng.reporters.JUnitReportReporter -->
<testsuite hostname="LTIN205424" failures="0" tests="4" name="test.PractoHomeTest" time="65.791" errors="0" timestamp="2024-05-06T14:29:55 IST" skipped="0">
  <testcase classname="test.PractoHomeTest" name="setUp" time="21.732"/>
  <testcase classname="test.PractoHomeTest" name="setUp" time="31.382"/>
  <testcase classname="test.PractoHomeTest" name="searchDoctor" time="5.285"/>
  <testcase classname="test.PractoHomeTest" name="searchDoctor" time="7.392"/>
</testsuite> <!-- test.PractoHomeTest -->
